<?xml version="1.0" encoding="UTF-8"?>
<!-- Generated by org.testng.reporters.JUnitXMLReporter -->
<testsuite hostname="ABHI-Personal" ignored="0" name="Car Loan" tests="3" failures="1" timestamp="12 Jul 2019 10:24:58 GMT" time="0.062" errors="0">
  <testcase name="LoginApiCarLoan" time="0.0" classname="Test.thirdDay"/>
  <testcase name="MobileLoginCarLoan" time="0.0" classname="Test.thirdDay">
    <failure type="java.lang.AssertionError" message="expected [true] but found [false]">
      <![CDATA[java.lang.AssertionError: expected [true] but found [false]
at Test.thirdDay.MobileLoginCarLoan(thirdDay.java:19)
... Removed 29 stack frames]]>
    </failure>
  </testcase> <!-- MobileLoginCarLoan -->
  <testcase name="WebloginCarLoan" time="0.0" classname="Test.thirdDay"/>
</testsuite> <!-- Car Loan -->
