<?xml version="1.0" encoding="UTF-8"?>
<!-- Generated by org.testng.reporters.JUnitXMLReporter -->
<testsuite hostname="ABHI-Personal" ignored="0" name="Listeners Testing" tests="9" failures="1" timestamp="12 Jul 2019 10:46:42 GMT" time="0.192" errors="0">
  <testcase name="demo" time="0.016" classname="Test.firstDay"/>
  <testcase name="secondTest" time="0.0" classname="Test.firstDay"/>
  <testcase name="ploan" time="0.0" classname="Test.secondDay"/>
  <testcase name="LoginApiHomeLoan" time="0.016" classname="Test.fourthDay">
    <failure type="java.lang.AssertionError" message="expected [true] but found [false]">
      <![CDATA[java.lang.AssertionError: expected [true] but found [false]
at Test.fourthDay.LoginApiHomeLoan(fourthDay.java:25)
... Removed 29 stack frames]]>
    </failure>
  </testcase> <!-- LoginApiHomeLoan -->
  <testcase name="MobileLoginHomeLoan" time="0.0" classname="Test.fourthDay"/>
  <testcase name="WebloginHomeLoan" time="0.016" classname="Test.fourthDay"/>
  <testcase name="LoginApiCarLoan" time="0.0" classname="Test.thirdDay"/>
  <testcase name="MobileLoginCarLoan" time="0.0" classname="Test.thirdDay"/>
  <testcase name="WebloginCarLoan" time="0.0" classname="Test.thirdDay"/>
</testsuite> <!-- Listeners Testing -->
