<?xml version="1.0" encoding="UTF-8"?>
<!-- Generated by org.testng.reporters.JUnitXMLReporter -->
<testsuite hostname="ABHI-Personal" ignored="0" name="Personal Loan" tests="6" failures="0" timestamp="12 Jul 2019 10:24:58 GMT" time="0.184" errors="0">
  <testcase name="demo" time="0.015" classname="Test.firstDay"/>
  <testcase name="secondTest" time="0.016" classname="Test.firstDay"/>
  <testcase name="ploan" time="0.016" classname="Test.secondDay"/>
  <testcase name="LoginApiHomeLoan" time="0.015" classname="Test.fourthDay"/>
  <testcase name="MobileLoginHomeLoan" time="0.0" classname="Test.fourthDay"/>
  <testcase name="WebloginHomeLoan" time="0.015" classname="Test.fourthDay"/>
</testsuite> <!-- Personal Loan -->
