<?xml version="1.0" encoding="UTF-8"?>
<!-- Generated by org.testng.reporters.JUnitXMLReporter -->
<testsuite hostname="ABHI-Personal" ignored="7" name="Smoke Testing" tests="2" failures="0" timestamp="12 Jul 2019 10:28:58 GMT" time="0.125" errors="0">
  <testcase name="ploan" time="0.031" classname="Test.secondDay"/>
  <testcase name="LoginApiCarLoan" time="0.0" classname="Test.thirdDay"/>
  <testcase name="secondTest" time="0.0" classname="Test.firstDay">
    <ignored/>
  </testcase> <!-- secondTest -->
  <testcase name="MobileLoginHomeLoan" time="0.0" classname="Test.fourthDay">
    <ignored/>
  </testcase> <!-- MobileLoginHomeLoan -->
  <testcase name="MobileLoginCarLoan" time="0.0" classname="Test.thirdDay">
    <ignored/>
  </testcase> <!-- MobileLoginCarLoan -->
  <testcase name="LoginApiHomeLoan" time="0.0" classname="Test.fourthDay">
    <ignored/>
  </testcase> <!-- LoginApiHomeLoan -->
  <testcase name="demo" time="0.0" classname="Test.firstDay">
    <ignored/>
  </testcase> <!-- demo -->
  <testcase name="WebloginCarLoan" time="0.0" classname="Test.thirdDay">
    <ignored/>
  </testcase> <!-- WebloginCarLoan -->
  <testcase name="WebloginHomeLoan" time="0.0" classname="Test.fourthDay">
    <ignored/>
  </testcase> <!-- WebloginHomeLoan -->
</testsuite> <!-- Smoke Testing -->
